  main.cpp
C:\Program Files (x86)\Microsoft Visual Studio\2019\Community\VC\Tools\MSVC\14.23.28105\include\utility(165,16): warning C4244: 'initializing': conversion from '_Ty' to '_Ty1', possible loss of data
C:\Program Files (x86)\Microsoft Visual Studio\2019\Community\VC\Tools\MSVC\14.23.28105\include\utility(165,16): warning C4244:         with
C:\Program Files (x86)\Microsoft Visual Studio\2019\Community\VC\Tools\MSVC\14.23.28105\include\utility(165,16): warning C4244:         [
C:\Program Files (x86)\Microsoft Visual Studio\2019\Community\VC\Tools\MSVC\14.23.28105\include\utility(165,16): warning C4244:             _Ty=unsigned __int64
C:\Program Files (x86)\Microsoft Visual Studio\2019\Community\VC\Tools\MSVC\14.23.28105\include\utility(165,16): warning C4244:         ]
C:\Program Files (x86)\Microsoft Visual Studio\2019\Community\VC\Tools\MSVC\14.23.28105\include\utility(165,16): warning C4244:         and
C:\Program Files (x86)\Microsoft Visual Studio\2019\Community\VC\Tools\MSVC\14.23.28105\include\utility(165,16): warning C4244:         [
C:\Program Files (x86)\Microsoft Visual Studio\2019\Community\VC\Tools\MSVC\14.23.28105\include\utility(165,16): warning C4244:             _Ty1=int
C:\Program Files (x86)\Microsoft Visual Studio\2019\Community\VC\Tools\MSVC\14.23.28105\include\utility(165,16): warning C4244:         ]
C:\Program Files (x86)\Microsoft Visual Studio\2019\Community\VC\Tools\MSVC\14.23.28105\include\xmemory(757): message : see reference to function template instantiation 'std::pair<const _Kty,_Ty>::pair<unsigned __int64,ComponentSparseSet<Position>*,0>(std::pair<unsigned __int64,ComponentSparseSet<Position> *> &&) noexcept' being compiled
C:\Program Files (x86)\Microsoft Visual Studio\2019\Community\VC\Tools\MSVC\14.23.28105\include\xmemory(757): message :         with
C:\Program Files (x86)\Microsoft Visual Studio\2019\Community\VC\Tools\MSVC\14.23.28105\include\xmemory(757): message :         [
C:\Program Files (x86)\Microsoft Visual Studio\2019\Community\VC\Tools\MSVC\14.23.28105\include\xmemory(757): message :             _Kty=int,
C:\Program Files (x86)\Microsoft Visual Studio\2019\Community\VC\Tools\MSVC\14.23.28105\include\xmemory(757): message :             _Ty=IComponentSet *
C:\Program Files (x86)\Microsoft Visual Studio\2019\Community\VC\Tools\MSVC\14.23.28105\include\xmemory(757): message :         ]
C:\Program Files (x86)\Microsoft Visual Studio\2019\Community\VC\Tools\MSVC\14.23.28105\include\xmemory(758): message : see reference to function template instantiation 'std::pair<const _Kty,_Ty>::pair<unsigned __int64,ComponentSparseSet<Position>*,0>(std::pair<unsigned __int64,ComponentSparseSet<Position> *> &&) noexcept' being compiled
C:\Program Files (x86)\Microsoft Visual Studio\2019\Community\VC\Tools\MSVC\14.23.28105\include\xmemory(758): message :         with
C:\Program Files (x86)\Microsoft Visual Studio\2019\Community\VC\Tools\MSVC\14.23.28105\include\xmemory(758): message :         [
C:\Program Files (x86)\Microsoft Visual Studio\2019\Community\VC\Tools\MSVC\14.23.28105\include\xmemory(758): message :             _Kty=int,
C:\Program Files (x86)\Microsoft Visual Studio\2019\Community\VC\Tools\MSVC\14.23.28105\include\xmemory(758): message :             _Ty=IComponentSet *
C:\Program Files (x86)\Microsoft Visual Studio\2019\Community\VC\Tools\MSVC\14.23.28105\include\xmemory(758): message :         ]
C:\Program Files (x86)\Microsoft Visual Studio\2019\Community\VC\Tools\MSVC\14.23.28105\include\list(539): message : see reference to function template instantiation 'void std::_Default_allocator_traits<_Alloc>::construct<_Ty,std::pair<unsigned __int64,ComponentSparseSet<Position> *>>(_Alloc &,_Objty *const ,std::pair<unsigned __int64,ComponentSparseSet<Position> *> &&)' being compiled
C:\Program Files (x86)\Microsoft Visual Studio\2019\Community\VC\Tools\MSVC\14.23.28105\include\list(539): message :         with
C:\Program Files (x86)\Microsoft Visual Studio\2019\Community\VC\Tools\MSVC\14.23.28105\include\list(539): message :         [
C:\Program Files (x86)\Microsoft Visual Studio\2019\Community\VC\Tools\MSVC\14.23.28105\include\list(539): message :             _Alloc=std::allocator<std::_List_node<std::pair<const int,IComponentSet *>,std::_Default_allocator_traits<std::allocator<std::pair<const int,IComponentSet *>>>::void_pointer>>,
C:\Program Files (x86)\Microsoft Visual Studio\2019\Community\VC\Tools\MSVC\14.23.28105\include\list(539): message :             _Ty=std::pair<const int,IComponentSet *>,
C:\Program Files (x86)\Microsoft Visual Studio\2019\Community\VC\Tools\MSVC\14.23.28105\include\list(539): message :             _Objty=std::pair<const int,IComponentSet *>
C:\Program Files (x86)\Microsoft Visual Studio\2019\Community\VC\Tools\MSVC\14.23.28105\include\list(539): message :         ]
C:\Program Files (x86)\Microsoft Visual Studio\2019\Community\VC\Tools\MSVC\14.23.28105\include\list(541): message : see reference to function template instantiation 'void std::_Default_allocator_traits<_Alloc>::construct<_Ty,std::pair<unsigned __int64,ComponentSparseSet<Position> *>>(_Alloc &,_Objty *const ,std::pair<unsigned __int64,ComponentSparseSet<Position> *> &&)' being compiled
C:\Program Files (x86)\Microsoft Visual Studio\2019\Community\VC\Tools\MSVC\14.23.28105\include\list(541): message :         with
C:\Program Files (x86)\Microsoft Visual Studio\2019\Community\VC\Tools\MSVC\14.23.28105\include\list(541): message :         [
C:\Program Files (x86)\Microsoft Visual Studio\2019\Community\VC\Tools\MSVC\14.23.28105\include\list(541): message :             _Alloc=std::allocator<std::_List_node<std::pair<const int,IComponentSet *>,std::_Default_allocator_traits<std::allocator<std::pair<const int,IComponentSet *>>>::void_pointer>>,
C:\Program Files (x86)\Microsoft Visual Studio\2019\Community\VC\Tools\MSVC\14.23.28105\include\list(541): message :             _Ty=std::pair<const int,IComponentSet *>,
C:\Program Files (x86)\Microsoft Visual Studio\2019\Community\VC\Tools\MSVC\14.23.28105\include\list(541): message :             _Objty=std::pair<const int,IComponentSet *>
C:\Program Files (x86)\Microsoft Visual Studio\2019\Community\VC\Tools\MSVC\14.23.28105\include\list(541): message :         ]
C:\Program Files (x86)\Microsoft Visual Studio\2019\Community\VC\Tools\MSVC\14.23.28105\include\xhash(712): message : see reference to function template instantiation 'std::_List_node_emplace_op2<std::allocator<std::_List_node<std::pair<const _Kty,_Ty>,std::_Default_allocator_traits<_Alloc>::void_pointer>>>::_List_node_emplace_op2<std::pair<unsigned __int64,ComponentSparseSet<Position> *>>(_Alnode &,std::pair<unsigned __int64,ComponentSparseSet<Position> *> &&)' being compiled
C:\Program Files (x86)\Microsoft Visual Studio\2019\Community\VC\Tools\MSVC\14.23.28105\include\xhash(712): message :         with
C:\Program Files (x86)\Microsoft Visual Studio\2019\Community\VC\Tools\MSVC\14.23.28105\include\xhash(712): message :         [
C:\Program Files (x86)\Microsoft Visual Studio\2019\Community\VC\Tools\MSVC\14.23.28105\include\xhash(712): message :             _Kty=int,
C:\Program Files (x86)\Microsoft Visual Studio\2019\Community\VC\Tools\MSVC\14.23.28105\include\xhash(712): message :             _Ty=IComponentSet *,
C:\Program Files (x86)\Microsoft Visual Studio\2019\Community\VC\Tools\MSVC\14.23.28105\include\xhash(712): message :             _Alloc=std::allocator<std::pair<const int,IComponentSet *>>,
C:\Program Files (x86)\Microsoft Visual Studio\2019\Community\VC\Tools\MSVC\14.23.28105\include\xhash(712): message :             _Alnode=std::allocator<std::_List_node<std::pair<const int,IComponentSet *>,std::_Default_allocator_traits<std::allocator<std::pair<const int,IComponentSet *>>>::void_pointer>>
C:\Program Files (x86)\Microsoft Visual Studio\2019\Community\VC\Tools\MSVC\14.23.28105\include\xhash(712): message :         ]
C:\Program Files (x86)\Microsoft Visual Studio\2019\Community\VC\Tools\MSVC\14.23.28105\include\xhash(743): message : see reference to function template instantiation 'std::_List_node_emplace_op2<std::allocator<std::_List_node<std::pair<const _Kty,_Ty>,std::_Default_allocator_traits<_Alloc>::void_pointer>>>::_List_node_emplace_op2<std::pair<unsigned __int64,ComponentSparseSet<Position> *>>(_Alnode &,std::pair<unsigned __int64,ComponentSparseSet<Position> *> &&)' being compiled
C:\Program Files (x86)\Microsoft Visual Studio\2019\Community\VC\Tools\MSVC\14.23.28105\include\xhash(743): message :         with
C:\Program Files (x86)\Microsoft Visual Studio\2019\Community\VC\Tools\MSVC\14.23.28105\include\xhash(743): message :         [
C:\Program Files (x86)\Microsoft Visual Studio\2019\Community\VC\Tools\MSVC\14.23.28105\include\xhash(743): message :             _Kty=int,
C:\Program Files (x86)\Microsoft Visual Studio\2019\Community\VC\Tools\MSVC\14.23.28105\include\xhash(743): message :             _Ty=IComponentSet *,
C:\Program Files (x86)\Microsoft Visual Studio\2019\Community\VC\Tools\MSVC\14.23.28105\include\xhash(743): message :             _Alloc=std::allocator<std::pair<const int,IComponentSet *>>,
C:\Program Files (x86)\Microsoft Visual Studio\2019\Community\VC\Tools\MSVC\14.23.28105\include\xhash(743): message :             _Alnode=std::allocator<std::_List_node<std::pair<const int,IComponentSet *>,std::_Default_allocator_traits<std::allocator<std::pair<const int,IComponentSet *>>>::void_pointer>>
C:\Program Files (x86)\Microsoft Visual Studio\2019\Community\VC\Tools\MSVC\14.23.28105\include\xhash(743): message :         ]
C:\Program Files (x86)\Microsoft Visual Studio\2019\Community\VC\Tools\MSVC\14.23.28105\include\unordered_map(259): message : see reference to function template instantiation 'std::_List_iterator<std::_List_val<std::_List_simple_types<_Ty>>> std::_Hash<std::_Umap_traits<_Kty,IComponentSet*,std::_Uhash_compare<_Kty,_Hasher,_Keyeq>,_Alloc,false>>::emplace_hint<std::pair<unsigned __int64,ComponentSparseSet<Position> *>>(std::_List_const_iterator<std::_List_val<std::_List_simple_types<_Ty>>>,std::pair<unsigned __int64,ComponentSparseSet<Position> *> &&)' being compiled
C:\Program Files (x86)\Microsoft Visual Studio\2019\Community\VC\Tools\MSVC\14.23.28105\include\unordered_map(259): message :         with
C:\Program Files (x86)\Microsoft Visual Studio\2019\Community\VC\Tools\MSVC\14.23.28105\include\unordered_map(259): message :         [
C:\Program Files (x86)\Microsoft Visual Studio\2019\Community\VC\Tools\MSVC\14.23.28105\include\unordered_map(259): message :             _Ty=std::pair<const int,IComponentSet *>,
C:\Program Files (x86)\Microsoft Visual Studio\2019\Community\VC\Tools\MSVC\14.23.28105\include\unordered_map(259): message :             _Kty=int,
C:\Program Files (x86)\Microsoft Visual Studio\2019\Community\VC\Tools\MSVC\14.23.28105\include\unordered_map(259): message :             _Hasher=std::hash<int>,
C:\Program Files (x86)\Microsoft Visual Studio\2019\Community\VC\Tools\MSVC\14.23.28105\include\unordered_map(259): message :             _Keyeq=std::equal_to<int>,
C:\Program Files (x86)\Microsoft Visual Studio\2019\Community\VC\Tools\MSVC\14.23.28105\include\unordered_map(259): message :             _Alloc=std::allocator<std::pair<const int,IComponentSet *>>
C:\Program Files (x86)\Microsoft Visual Studio\2019\Community\VC\Tools\MSVC\14.23.28105\include\unordered_map(259): message :         ]
C:\Program Files (x86)\Microsoft Visual Studio\2019\Community\VC\Tools\MSVC\14.23.28105\include\unordered_map(259): message : see reference to function template instantiation 'std::_List_iterator<std::_List_val<std::_List_simple_types<_Ty>>> std::_Hash<std::_Umap_traits<_Kty,IComponentSet*,std::_Uhash_compare<_Kty,_Hasher,_Keyeq>,_Alloc,false>>::emplace_hint<std::pair<unsigned __int64,ComponentSparseSet<Position> *>>(std::_List_const_iterator<std::_List_val<std::_List_simple_types<_Ty>>>,std::pair<unsigned __int64,ComponentSparseSet<Position> *> &&)' being compiled
C:\Program Files (x86)\Microsoft Visual Studio\2019\Community\VC\Tools\MSVC\14.23.28105\include\unordered_map(259): message :         with
C:\Program Files (x86)\Microsoft Visual Studio\2019\Community\VC\Tools\MSVC\14.23.28105\include\unordered_map(259): message :         [
C:\Program Files (x86)\Microsoft Visual Studio\2019\Community\VC\Tools\MSVC\14.23.28105\include\unordered_map(259): message :             _Ty=std::pair<const int,IComponentSet *>,
C:\Program Files (x86)\Microsoft Visual Studio\2019\Community\VC\Tools\MSVC\14.23.28105\include\unordered_map(259): message :             _Kty=int,
C:\Program Files (x86)\Microsoft Visual Studio\2019\Community\VC\Tools\MSVC\14.23.28105\include\unordered_map(259): message :             _Hasher=std::hash<int>,
C:\Program Files (x86)\Microsoft Visual Studio\2019\Community\VC\Tools\MSVC\14.23.28105\include\unordered_map(259): message :             _Keyeq=std::equal_to<int>,
C:\Program Files (x86)\Microsoft Visual Studio\2019\Community\VC\Tools\MSVC\14.23.28105\include\unordered_map(259): message :             _Alloc=std::allocator<std::pair<const int,IComponentSet *>>
C:\Program Files (x86)\Microsoft Visual Studio\2019\Community\VC\Tools\MSVC\14.23.28105\include\unordered_map(259): message :         ]
C:\Users\Igli\Desktop\FeatherRepo\Feather\ComponentRegistry.h(82): message : see reference to function template instantiation 'std::_List_iterator<std::_List_val<std::_List_simple_types<_Ty>>> std::unordered_map<int,IComponentSet *,std::hash<_Kty>,std::equal_to<_Kty>,std::allocator<_Ty>>::insert<std::pair<unsigned __int64,ComponentSparseSet<Position> *>,void>(std::_List_const_iterator<std::_List_val<std::_List_simple_types<_Ty>>>,_Valty &&)' being compiled
C:\Users\Igli\Desktop\FeatherRepo\Feather\ComponentRegistry.h(82): message :         with
C:\Users\Igli\Desktop\FeatherRepo\Feather\ComponentRegistry.h(82): message :         [
C:\Users\Igli\Desktop\FeatherRepo\Feather\ComponentRegistry.h(82): message :             _Ty=std::pair<const int,IComponentSet *>,
C:\Users\Igli\Desktop\FeatherRepo\Feather\ComponentRegistry.h(82): message :             _Kty=int,
C:\Users\Igli\Desktop\FeatherRepo\Feather\ComponentRegistry.h(82): message :             _Valty=std::pair<unsigned __int64,ComponentSparseSet<Position> *>
C:\Users\Igli\Desktop\FeatherRepo\Feather\ComponentRegistry.h(82): message :         ]
C:\Users\Igli\Desktop\FeatherRepo\Feather\ComponentRegistry.h(82): message : see reference to function template instantiation 'std::_List_iterator<std::_List_val<std::_List_simple_types<_Ty>>> std::unordered_map<int,IComponentSet *,std::hash<_Kty>,std::equal_to<_Kty>,std::allocator<_Ty>>::insert<std::pair<unsigned __int64,ComponentSparseSet<Position> *>,void>(std::_List_const_iterator<std::_List_val<std::_List_simple_types<_Ty>>>,_Valty &&)' being compiled
C:\Users\Igli\Desktop\FeatherRepo\Feather\ComponentRegistry.h(82): message :         with
C:\Users\Igli\Desktop\FeatherRepo\Feather\ComponentRegistry.h(82): message :         [
C:\Users\Igli\Desktop\FeatherRepo\Feather\ComponentRegistry.h(82): message :             _Ty=std::pair<const int,IComponentSet *>,
C:\Users\Igli\Desktop\FeatherRepo\Feather\ComponentRegistry.h(82): message :             _Kty=int,
C:\Users\Igli\Desktop\FeatherRepo\Feather\ComponentRegistry.h(82): message :             _Valty=std::pair<unsigned __int64,ComponentSparseSet<Position> *>
C:\Users\Igli\Desktop\FeatherRepo\Feather\ComponentRegistry.h(82): message :         ]
C:\Users\Igli\Desktop\FeatherRepo\main.cpp(50): message : see reference to function template instantiation 'void ComponentRegistry::AllocateComponentSet<Position>(int)' being compiled
